<?xml version="1.0" encoding="UTF-8"?>
<coverage generated="1698175418721" clover="3.2.0">
  <project timestamp="1698175418721" name="All files">
    <metrics statements="8" coveredstatements="8" conditionals="2" coveredconditionals="2" methods="6" coveredmethods="6" elements="16" coveredelements="16" complexity="0" loc="8" ncloc="8" packages="1" files="1" classes="1"/>
    <file name="pages.tsx" path="C:\Users\nicol\Desktop\trabajo\Muvi\src\components\pages.tsx">
      <metrics statements="8" coveredstatements="8" conditionals="2" coveredconditionals="2" methods="6" coveredmethods="6"/>
      <line num="10" count="1" type="stmt"/>
      <line num="11" count="6" type="stmt"/>
      <line num="12" count="5" type="stmt"/>
      <line num="14" count="6" type="stmt"/>
      <line num="19" count="1" type="stmt"/>
      <line num="26" count="2" type="cond" truecount="2" falsecount="0"/>
      <line num="35" count="1" type="stmt"/>
      <line num="43" count="1" type="stmt"/>
    </file>
  </project>
</coverage>
