{"C:\\Users\\nicol\\Desktop\\trabajo\\Muvi\\src\\components\\home.tsx": {"path":"C:\\Users\\nicol\\Desktop\\trabajo\\Muvi\\src\\components\\home.tsx","statementMap":{"0":{"start":{"line":2,"column":0},"end":{"line":2,"column":39}},"1":{"start":{"line":9,"column":2},"end":{"line":37,"column":4}},"2":{"start":{"line":12,"column":8},"end":{"line":15,"column":null}},"3":{"start":{"line":24,"column":16},"end":{"line":24,"column":64}},"4":{"start":{"line":7,"column":0},"end":{"line":7,"column":24}}},"fnMap":{"0":{"name":"Home","decl":{"start":{"line":7,"column":24},"end":{"line":7,"column":28}},"loc":{"start":{"line":7,"column":50},"end":{"line":38,"column":1}}},"1":{"name":"(anonymous_1)","decl":{"start":{"line":11,"column":18},"end":{"line":11,"column":19}},"loc":{"start":{"line":12,"column":8},"end":{"line":15,"column":null}}},"2":{"name":"(anonymous_2)","decl":{"start":{"line":23,"column":23},"end":{"line":23,"column":24}},"loc":{"start":{"line":23,"column":29},"end":{"line":25,"column":15}}}},"branchMap":{},"s":{"0":1,"1":2,"2":3,"3":1,"4":1},"f":{"0":2,"1":3,"2":1},"b":{}}
,"C:\\Users\\nicol\\Desktop\\trabajo\\Muvi\\src\\components\\movie.tsx": {"path":"C:\\Users\\nicol\\Desktop\\trabajo\\Muvi\\src\\components\\movie.tsx","statementMap":{"0":{"start":{"line":1,"column":0},"end":{"line":1,"column":44}},"1":{"start":{"line":3,"column":0},"end":{"line":3,"column":51}},"2":{"start":{"line":4,"column":0},"end":{"line":4,"column":48}},"3":{"start":{"line":5,"column":0},"end":{"line":5,"column":46}},"4":{"start":{"line":6,"column":0},"end":{"line":6,"column":45}},"5":{"start":{"line":11,"column":28},"end":{"line":11,"column":49}},"6":{"start":{"line":12,"column":22},"end":{"line":12,"column":33}},"7":{"start":{"line":13,"column":2},"end":{"line":20,"column":16}},"8":{"start":{"line":14,"column":4},"end":{"line":19,"column":55}},"9":{"start":{"line":16,"column":8},"end":{"line":16,"column":36}},"10":{"start":{"line":17,"column":8},"end":{"line":17,"column":23}},"11":{"start":{"line":19,"column":24},"end":{"line":19,"column":53}},"12":{"start":{"line":22,"column":24},"end":{"line":26,"column":3}},"13":{"start":{"line":23,"column":19},"end":{"line":23,"column":44}},"14":{"start":{"line":24,"column":19},"end":{"line":24,"column":37}},"15":{"start":{"line":25,"column":4},"end":{"line":25,"column":18}},"16":{"start":{"line":28,"column":22},"end":{"line":39,"column":3}},"17":{"start":{"line":29,"column":24},"end":{"line":29,"column":26}},"18":{"start":{"line":31,"column":4},"end":{"line":37,"column":null}},"19":{"start":{"line":31,"column":21},"end":{"line":31,"column":22}},"20":{"start":{"line":32,"column":6},"end":{"line":36,"column":null}},"21":{"start":{"line":33,"column":8},"end":{"line":33,"column":61}},"22":{"start":{"line":34,"column":13},"end":{"line":36,"column":null}},"23":{"start":{"line":35,"column":8},"end":{"line":35,"column":62}},"24":{"start":{"line":38,"column":4},"end":{"line":38,"column":23}},"25":{"start":{"line":41,"column":2},"end":{"line":97,"column":4}},"26":{"start":{"line":58,"column":14},"end":{"line":58,"column":45}},"27":{"start":{"line":77,"column":18},"end":{"line":80,"column":null}},"28":{"start":{"line":85,"column":68},"end":{"line":85,"column":102}},"29":{"start":{"line":86,"column":39},"end":{"line":86,"column":49}},"30":{"start":{"line":10,"column":0},"end":{"line":10,"column":24}}},"fnMap":{"0":{"name":"MovieDetails","decl":{"start":{"line":10,"column":24},"end":{"line":10,"column":36}},"loc":{"start":{"line":10,"column":36},"end":{"line":98,"column":1}}},"1":{"name":"(anonymous_1)","decl":{"start":{"line":13,"column":12},"end":{"line":13,"column":15}},"loc":{"start":{"line":13,"column":17},"end":{"line":20,"column":3}}},"2":{"name":"(anonymous_2)","decl":{"start":{"line":15,"column":12},"end":{"line":15,"column":13}},"loc":{"start":{"line":15,"column":21},"end":{"line":18,"column":7}}},"3":{"name":"(anonymous_3)","decl":{"start":{"line":19,"column":13},"end":{"line":19,"column":14}},"loc":{"start":{"line":19,"column":24},"end":{"line":19,"column":53}}},"4":{"name":"(anonymous_4)","decl":{"start":{"line":22,"column":24},"end":{"line":22,"column":25}},"loc":{"start":{"line":22,"column":57},"end":{"line":26,"column":3}}},"5":{"name":"(anonymous_5)","decl":{"start":{"line":28,"column":22},"end":{"line":28,"column":23}},"loc":{"start":{"line":28,"column":50},"end":{"line":39,"column":3}}},"6":{"name":"(anonymous_6)","decl":{"start":{"line":57,"column":21},"end":{"line":57,"column":22}},"loc":{"start":{"line":57,"column":27},"end":{"line":59,"column":13}}},"7":{"name":"(anonymous_7)","decl":{"start":{"line":76,"column":16},"end":{"line":76,"column":17}},"loc":{"start":{"line":77,"column":18},"end":{"line":80,"column":null}}},"8":{"name":"(anonymous_8)","decl":{"start":{"line":85,"column":57},"end":{"line":85,"column":58}},"loc":{"start":{"line":85,"column":68},"end":{"line":85,"column":102}}},"9":{"name":"(anonymous_9)","decl":{"start":{"line":86,"column":17},"end":{"line":86,"column":18}},"loc":{"start":{"line":86,"column":39},"end":{"line":86,"column":49}}}},"branchMap":{"0":{"loc":{"start":{"line":32,"column":6},"end":{"line":36,"column":null}},"type":"if","locations":[{"start":{"line":32,"column":6},"end":{"line":36,"column":null}},{"start":{"line":34,"column":13},"end":{"line":36,"column":null}}]},"1":{"loc":{"start":{"line":34,"column":13},"end":{"line":36,"column":null}},"type":"if","locations":[{"start":{"line":34,"column":13},"end":{"line":36,"column":null}}]},"2":{"loc":{"start":{"line":68,"column":41},"end":{"line":68,"column":66}},"type":"binary-expr","locations":[{"start":{"line":68,"column":41},"end":{"line":68,"column":60}},{"start":{"line":68,"column":64},"end":{"line":68,"column":66}}]},"3":{"loc":{"start":{"line":75,"column":41},"end":{"line":75,"column":65}},"type":"binary-expr","locations":[{"start":{"line":75,"column":41},"end":{"line":75,"column":60}},{"start":{"line":75,"column":64},"end":{"line":75,"column":65}}]},"4":{"loc":{"start":{"line":77,"column":18},"end":{"line":80,"column":null}},"type":"cond-expr","locations":[{"start":{"line":78,"column":20},"end":{"line":78,"column":54}},{"start":{"line":80,"column":20},"end":{"line":80,"column":56}}]},"5":{"loc":{"start":{"line":85,"column":68},"end":{"line":85,"column":102}},"type":"binary-expr","locations":[{"start":{"line":85,"column":68},"end":{"line":85,"column":83}},{"start":{"line":85,"column":87},"end":{"line":85,"column":102}}]}},"s":{"0":1,"1":1,"2":1,"3":1,"4":1,"5":3,"6":2,"7":2,"8":1,"9":1,"10":1,"11":0,"12":2,"13":2,"14":2,"15":2,"16":2,"17":2,"18":2,"19":2,"20":12,"21":4,"22":8,"23":6,"24":2,"25":2,"26":0,"27":10,"28":3,"29":2,"30":1},"f":{"0":3,"1":1,"2":1,"3":0,"4":2,"5":2,"6":0,"7":10,"8":3,"9":2},"b":{"0":[4,8],"1":[6],"2":[2,1],"3":[2,1],"4":[4,6],"5":[3,2]}}
,"C:\\Users\\nicol\\Desktop\\trabajo\\Muvi\\src\\components\\pages.tsx": {"path":"C:\\Users\\nicol\\Desktop\\trabajo\\Muvi\\src\\components\\pages.tsx","statementMap":{"0":{"start":{"line":9,"column":2},"end":{"line":44,"column":4}},"1":{"start":{"line":14,"column":25},"end":{"line":14,"column":36}},"2":{"start":{"line":21,"column":25},"end":{"line":21,"column":58}},"3":{"start":{"line":30,"column":25},"end":{"line":30,"column":43}},"4":{"start":{"line":38,"column":25},"end":{"line":38,"column":38}},"5":{"start":{"line":8,"column":0},"end":{"line":8,"column":24}}},"fnMap":{"0":{"name":"Pages","decl":{"start":{"line":8,"column":24},"end":{"line":8,"column":29}},"loc":{"start":{"line":8,"column":64},"end":{"line":45,"column":1}}},"1":{"name":"(anonymous_1)","decl":{"start":{"line":14,"column":17},"end":{"line":14,"column":20}},"loc":{"start":{"line":14,"column":22},"end":{"line":14,"column":37}}},"2":{"name":"(anonymous_2)","decl":{"start":{"line":21,"column":17},"end":{"line":21,"column":20}},"loc":{"start":{"line":21,"column":22},"end":{"line":21,"column":59}}},"3":{"name":"(anonymous_3)","decl":{"start":{"line":30,"column":17},"end":{"line":30,"column":20}},"loc":{"start":{"line":30,"column":22},"end":{"line":30,"column":44}}},"4":{"name":"(anonymous_4)","decl":{"start":{"line":38,"column":17},"end":{"line":38,"column":20}},"loc":{"start":{"line":38,"column":22},"end":{"line":38,"column":39}}}},"branchMap":{"0":{"loc":{"start":{"line":21,"column":33},"end":{"line":21,"column":56}},"type":"cond-expr","locations":[{"start":{"line":21,"column":44},"end":{"line":21,"column":52}},{"start":{"line":21,"column":55},"end":{"line":21,"column":56}}]}},"s":{"0":6,"1":1,"2":2,"3":1,"4":1,"5":1},"f":{"0":6,"1":1,"2":2,"3":1,"4":1},"b":{"0":[1,1]}}
,"C:\\Users\\nicol\\Desktop\\trabajo\\Muvi\\src\\test\\fileMocks.js": {"path":"C:\\Users\\nicol\\Desktop\\trabajo\\Muvi\\src\\test\\fileMocks.js","statementMap":{"0":{"start":{"line":2,"column":0},"end":{"line":2,"column":34}}},"fnMap":{},"branchMap":{},"s":{"0":1},"f":{},"b":{},"_coverageSchema":"1a1c01bbd47fc00a2c39e90264f33305004495a9","hash":"ac0ec45a973216c9d54bc9f53af2d6e23a33846d"}
}
