{"C:\\Users\\nicol\\Desktop\\trabajo\\Muvi\\src\\components\\home.tsx": {"path":"C:\\Users\\nicol\\Desktop\\trabajo\\Muvi\\src\\components\\home.tsx","statementMap":{"0":{"start":{"line":8,"column":2},"end":{"line":26,"column":4}},"1":{"start":{"line":11,"column":8},"end":{"line":11,"column":null}},"2":{"start":{"line":7,"column":0},"end":{"line":7,"column":24}}},"fnMap":{"0":{"name":"Home","decl":{"start":{"line":7,"column":24},"end":{"line":7,"column":28}},"loc":{"start":{"line":7,"column":62},"end":{"line":27,"column":1}}},"1":{"name":"(anonymous_1)","decl":{"start":{"line":10,"column":18},"end":{"line":10,"column":19}},"loc":{"start":{"line":11,"column":8},"end":{"line":11,"column":null}}}},"branchMap":{},"s":{"0":1,"1":2,"2":1},"f":{"0":1,"1":2},"b":{}}
,"C:\\Users\\nicol\\Desktop\\trabajo\\Muvi\\src\\components\\pages.tsx": {"path":"C:\\Users\\nicol\\Desktop\\trabajo\\Muvi\\src\\components\\pages.tsx","statementMap":{"0":{"start":{"line":11,"column":2},"end":{"line":39,"column":4}},"1":{"start":{"line":14,"column":8},"end":{"line":14,"column":null}},"2":{"start":{"line":20,"column":8},"end":{"line":20,"column":null}},"3":{"start":{"line":27,"column":8},"end":{"line":27,"column":null}},"4":{"start":{"line":33,"column":8},"end":{"line":33,"column":null}},"5":{"start":{"line":10,"column":2},"end":{"line":10,"column":26}}},"fnMap":{"0":{"name":"Pages","decl":{"start":{"line":10,"column":26},"end":{"line":10,"column":31}},"loc":{"start":{"line":10,"column":66},"end":{"line":40,"column":1}}},"1":{"name":"(anonymous_1)","decl":{"start":{"line":13,"column":64},"end":{"line":13,"column":66}},"loc":{"start":{"line":13,"column":68},"end":{"line":15,"column":7}}},"2":{"name":"(anonymous_2)","decl":{"start":{"line":19,"column":60},"end":{"line":19,"column":62}},"loc":{"start":{"line":19,"column":64},"end":{"line":21,"column":7}}},"3":{"name":"(anonymous_3)","decl":{"start":{"line":26,"column":59},"end":{"line":26,"column":61}},"loc":{"start":{"line":26,"column":63},"end":{"line":28,"column":7}}},"4":{"name":"(anonymous_4)","decl":{"start":{"line":32,"column":59},"end":{"line":32,"column":61}},"loc":{"start":{"line":32,"column":63},"end":{"line":34,"column":7}}}},"branchMap":{"0":{"loc":{"start":{"line":20,"column":16},"end":{"line":20,"column":37}},"type":"cond-expr","locations":[{"start":{"line":20,"column":27},"end":{"line":20,"column":35}},{"start":{"line":20,"column":36},"end":{"line":20,"column":37}}]}},"s":{"0":6,"1":1,"2":2,"3":1,"4":1,"5":1},"f":{"0":6,"1":1,"2":2,"3":1,"4":1},"b":{"0":[1,1]}}
}
