TN:
SF:src\components\home.tsx
FN:7,Home
FN:11,(anonymous_1)
FN:23,(anonymous_2)
FNF:3
FNH:3
FNDA:2,Home
FNDA:3,(anonymous_1)
FNDA:1,(anonymous_2)
DA:2,1
DA:7,1
DA:9,2
DA:12,3
DA:24,1
LF:5
LH:5
BRF:0
BRH:0
end_of_record
TN:
SF:src\components\movie.tsx
FN:10,MovieDetails
FN:13,(anonymous_1)
FN:15,(anonymous_2)
FN:19,(anonymous_3)
FN:22,(anonymous_4)
FN:28,(anonymous_5)
FN:57,(anonymous_6)
FN:76,(anonymous_7)
FN:85,(anonymous_8)
FN:86,(anonymous_9)
FNF:10
FNH:8
FNDA:3,MovieDetails
FNDA:1,(anonymous_1)
FNDA:1,(anonymous_2)
FNDA:0,(anonymous_3)
FNDA:2,(anonymous_4)
FNDA:2,(anonymous_5)
FNDA:0,(anonymous_6)
FNDA:10,(anonymous_7)
FNDA:3,(anonymous_8)
FNDA:2,(anonymous_9)
DA:1,1
DA:3,1
DA:4,1
DA:5,1
DA:6,1
DA:10,1
DA:11,3
DA:12,2
DA:13,2
DA:14,1
DA:16,1
DA:17,1
DA:19,0
DA:22,2
DA:23,2
DA:24,2
DA:25,2
DA:28,2
DA:29,2
DA:31,2
DA:32,12
DA:33,4
DA:34,8
DA:35,6
DA:38,2
DA:41,2
DA:58,0
DA:77,10
DA:85,3
DA:86,2
LF:30
LH:28
BRDA:32,0,0,4
BRDA:32,0,1,8
BRDA:34,1,0,6
BRDA:68,2,0,2
BRDA:68,2,1,1
BRDA:75,3,0,2
BRDA:75,3,1,1
BRDA:77,4,0,4
BRDA:77,4,1,6
BRDA:85,5,0,3
BRDA:85,5,1,2
BRF:11
BRH:11
end_of_record
TN:
SF:src\components\pages.tsx
FN:8,Pages
FN:14,(anonymous_1)
FN:21,(anonymous_2)
FN:30,(anonymous_3)
FN:38,(anonymous_4)
FNF:5
FNH:5
FNDA:6,Pages
FNDA:1,(anonymous_1)
FNDA:2,(anonymous_2)
FNDA:1,(anonymous_3)
FNDA:1,(anonymous_4)
DA:8,1
DA:9,6
DA:14,1
DA:21,2
DA:30,1
DA:38,1
LF:6
LH:6
BRDA:21,0,0,1
BRDA:21,0,1,1
BRF:2
BRH:2
end_of_record
TN:
SF:src\test\fileMocks.js
FNF:0
FNH:0
DA:2,1
LF:1
LH:1
BRF:0
BRH:0
end_of_record
