TN:
SF:src\components\home.tsx
FN:8,Home
FN:11,(anonymous_1)
FN:22,(anonymous_2)
FNF:3
FNH:3
FNDA:2,Home
FNDA:3,(anonymous_1)
FNDA:1,(anonymous_2)
DA:2,1
DA:3,1
DA:8,1
DA:9,2
DA:12,3
DA:23,1
LF:6
LH:6
BRF:0
BRH:0
end_of_record
TN:
SF:src\components\movie.tsx
FN:8,MovieDetails
FN:11,(anonymous_1)
FN:13,(anonymous_2)
FN:16,(anonymous_3)
FN:18,(anonymous_4)
FN:23,(anonymous_5)
FN:50,(anonymous_6)
FN:67,(anonymous_7)
FN:77,(anonymous_8)
FN:78,(anonymous_9)
FNF:10
FNH:8
FNDA:3,MovieDetails
FNDA:1,(anonymous_1)
FNDA:1,(anonymous_2)
FNDA:0,(anonymous_3)
FNDA:2,(anonymous_4)
FNDA:2,(anonymous_5)
FNDA:0,(anonymous_6)
FNDA:10,(anonymous_7)
FNDA:3,(anonymous_8)
FNDA:2,(anonymous_9)
DA:1,1
DA:3,1
DA:4,1
DA:5,1
DA:6,1
DA:8,1
DA:9,3
DA:10,2
DA:11,2
DA:12,1
DA:14,1
DA:16,0
DA:18,2
DA:19,2
DA:20,2
DA:21,2
DA:23,2
DA:24,2
DA:25,2
DA:26,12
DA:27,4
DA:28,8
DA:29,6
DA:32,2
DA:34,2
DA:51,0
DA:68,10
DA:77,3
DA:78,2
LF:29
LH:27
BRDA:26,0,0,4
BRDA:26,0,1,8
BRDA:28,1,0,6
BRDA:59,2,0,2
BRDA:59,2,1,1
BRDA:66,3,0,2
BRDA:66,3,1,1
BRDA:68,4,0,4
BRDA:68,4,1,6
BRDA:77,5,0,3
BRDA:77,5,1,2
BRF:11
BRH:11
end_of_record
TN:
SF:src\components\pages.tsx
FN:7,Pages
FN:13,(anonymous_1)
FN:20,(anonymous_2)
FN:28,(anonymous_3)
FN:36,(anonymous_4)
FNF:5
FNH:5
FNDA:6,Pages
FNDA:1,(anonymous_1)
FNDA:2,(anonymous_2)
FNDA:1,(anonymous_3)
FNDA:1,(anonymous_4)
DA:7,1
DA:8,6
DA:13,1
DA:20,2
DA:28,1
DA:36,1
LF:6
LH:6
BRDA:20,0,0,1
BRDA:20,0,1,1
BRF:2
BRH:2
end_of_record
TN:
SF:src\test\fileMocks.js
FNF:0
FNH:0
DA:2,2
LF:1
LH:1
BRF:0
BRH:0
end_of_record
